<?xml version="1.0" encoding="UTF-8"?>
<testsuite name="blind75.blind3.LongestPalindromicSubstringTest" tests="1" skipped="0" failures="0" errors="0" timestamp="2021-10-27T02:11:41" hostname="Bens-MBP" time="0.001">
  <properties/>
  <testcase name="longestPalindrome" classname="blind75.blind3.LongestPalindromicSubstringTest" time="0.001"/>
  <system-out><![CDATA[]]></system-out>
  <system-err><![CDATA[]]></system-err>
</testsuite>
